%Warning-EOFNEWLINE: design/writeback_buffer.sv:159:29: Missing newline at end of file (POSIX 3.206).
                                                      : ... Suggest add newline.
  159 | endmodule : writeback_buffer
      |                             ^
                     ... For warning description see https://verilator.org/warn/EOFNEWLINE?v=5.042
                     ... Use "/* verilator lint_off EOFNEWLINE */" and lint_on around source to disable this message.
%Warning-EOFNEWLINE: design/memory_controller.sv:225:30: Missing newline at end of file (POSIX 3.206).
                                                       : ... Suggest add newline.
  225 | endmodule : memory_controller
      |                              ^
%Warning-EOFNEWLINE: design/top.sv:222:17: Missing newline at end of file (POSIX 3.206).
                                         : ... Suggest add newline.
  222 | endmodule : top 
      |                 ^
%Warning-PINCONNECTEMPTY: design/memory_controller.sv:62:6: Instance pin connected by name with empty reference: 'data_o'
   62 |     .data_o(),
      |      ^~~~~~
                          ... For warning description see https://verilator.org/warn/PINCONNECTEMPTY?v=5.042
                          ... Use "/* verilator lint_off PINCONNECTEMPTY */" and lint_on around source to disable this message.
%Warning-PINMISSING: design/cache_controller.sv:111:3: Instance has missing pin: 'offset'
  111 | ) cache_data_array (
      |   ^~~~~~~~~~~~~~~~
                     design/data_array.sv:21:38: ... Location of port declaration
   21 |     input logic [OFFSET_BITS-1:0]    offset,
      |                                      ^~~~~~
                     ... For warning description see https://verilator.org/warn/PINMISSING?v=5.042
                     ... Use "/* verilator lint_off PINMISSING */" and lint_on around source to disable this message.
%Warning-VARHIDDEN: design/memory.sv:156:26: Declaration of signal hides declaration in upper scope: 'i'
  156 |                 for (int i=0; i < 8; i++) begin 
      |                          ^
                    design/memory.sv:69:9: ... Location of original declaration
   69 |     int i;
      |         ^
                    ... For warning description see https://verilator.org/warn/VARHIDDEN?v=5.042
                    ... Use "/* verilator lint_off VARHIDDEN */" and lint_on around source to disable this message.
%Warning-VARHIDDEN: design/memory.sv:168:26: Declaration of signal hides declaration in upper scope: 'i'
  168 |                 for (int i=0; i < 8; i++) begin 
      |                          ^
                    design/memory.sv:69:9: ... Location of original declaration
   69 |     int i;
      |         ^
%Warning-IMPLICIT: design/memory_controller.sv:52:13: Signal definition not found, creating implicitly: 'address'
                                                    : ... Suggested alternative: 'addr'
   52 |     .addr_i(address),
      |             ^~~~~~~
                   ... For warning description see https://verilator.org/warn/IMPLICIT?v=5.042
                   ... Use "/* verilator lint_off IMPLICIT */" and lint_on around source to disable this message.
%Warning-IMPLICIT: design/memory_controller.sv:58:15: Signal definition not found, creating implicitly: 'funct3_i'
   58 |     .funct3_i(funct3_i),
      |               ^~~~~~~~
%Warning-ASCRANGE: design/data_array.sv:29:18: Ascending bit range vector: left < right of bit range: [0:7]
                                             : ... note: In instance 'cache_tb.cache.cache_1.cache_data_array'
   29 |     output logic [0:WAYS-1][(BLOCK_SIZE*8)-1:0] set_o 
      |                  ^
                   ... For warning description see https://verilator.org/warn/ASCRANGE?v=5.042
                   ... Use "/* verilator lint_off ASCRANGE */" and lint_on around source to disable this message.
%Warning-ASCRANGE: design/data_array.sv:34:21: Ascending bit range vector: left < right of bit range: [0:7]
                                             : ... note: In instance 'cache_tb.cache.cache_1.cache_data_array'
   34 | logic [0:NUM_SETS-1][0:WAYS-1][(BLOCK_SIZE*8)-1:0]     data_array ; 
      |                     ^
%Warning-ASCRANGE: design/data_array.sv:34:7: Ascending bit range vector: left < right of bit range: [0:1]
                                            : ... note: In instance 'cache_tb.cache.cache_1.cache_data_array'
   34 | logic [0:NUM_SETS-1][0:WAYS-1][(BLOCK_SIZE*8)-1:0]     data_array ; 
      |       ^
%Warning-WIDTHEXPAND: design/tag_array.sv:73:66: Operator ADD expects 32 bits on the LHS, but LHS's VARREF 'lookup_way' generates 3 bits.
                                               : ... note: In instance 'cache_tb.cache.cache_1.cache_tag_array'
   73 |                 lookup_array[i] <= tag_array[index_i][(lookup_way+i)]; 
      |                                                                  ^
                      ... For warning description see https://verilator.org/warn/WIDTHEXPAND?v=5.042
                      ... Use "/* verilator lint_off WIDTHEXPAND */" and lint_on around source to disable this message.
%Warning-WIDTHEXPAND: design/tag_array.sv:80:42: Operator ADD expects 32 bits on the LHS, but LHS's VARREF 'lookup_way' generates 3 bits.
                                               : ... note: In instance 'cache_tb.cache.cache_1.cache_tag_array'
   80 |                 lookup_way <= lookup_way + LOOKUP_WIDTH;
      |                                          ^
%Warning-WIDTHTRUNC: design/tag_array.sv:80:28: Operator ASSIGNDLY expects 3 bits on the Assign RHS, but Assign RHS's ADD generates 32 bits.
                                              : ... note: In instance 'cache_tb.cache.cache_1.cache_tag_array'
   80 |                 lookup_way <= lookup_way + LOOKUP_WIDTH;
      |                            ^~
                     ... For warning description see https://verilator.org/warn/WIDTHTRUNC?v=5.042
                     ... Use "/* verilator lint_off WIDTHTRUNC */" and lint_on around source to disable this message.
%Warning-WIDTHEXPAND: design/tag_array.sv:75:28: Operator ADD expects 32 bits on the LHS, but LHS's VARREF 'lookup_way' generates 3 bits.
                                               : ... note: In instance 'cache_tb.cache.cache_1.cache_tag_array'
   75 |             if ((lookup_way+LOOKUP_WIDTH) == (WAYS)) begin
      |                            ^
%Warning-WIDTHEXPAND: design/tag_array.sv:98:34: Operator ADD expects 32 bits on the LHS, but LHS's VARREF 'lookup_way' generates 3 bits.
                                               : ... note: In instance 'cache_tb.cache.cache_1.cache_tag_array'
   98 |             hit_way = lookup_way + i; 
      |                                  ^
%Warning-WIDTHTRUNC: design/tag_array.sv:98:21: Operator ASSIGN expects 3 bits on the Assign RHS, but Assign RHS's ADD generates 32 bits.
                                              : ... note: In instance 'cache_tb.cache.cache_1.cache_tag_array'
   98 |             hit_way = lookup_way + i; 
      |                     ^
%Warning-WIDTHEXPAND: design/tag_array.sv:96:44: Operator ADD expects 32 bits on the LHS, but LHS's VARREF 'lookup_way' generates 3 bits.
                                               : ... note: In instance 'cache_tb.cache.cache_1.cache_tag_array'
   96 |         && (valid_array[index_i][lookup_way+i] != 0) 
      |                                            ^
%Warning-WIDTHTRUNC: design/tag_array.sv:112:23: Operator ASSIGN expects 3 bits on the Assign RHS, but Assign RHS's VARREF 'i' generates 32 bits.
                                               : ... note: In instance 'cache_tb.cache.cache_1.cache_tag_array'
  112 |             empty_way = i; 
      |                       ^
%Warning-WIDTHTRUNC: design/tag_array.sv:124:24: Operator ASSIGN expects 3 bits on the Assign RHS, but Assign RHS's VARREF 'i' generates 32 bits.
                                               : ... note: In instance 'cache_tb.cache.cache_1.cache_tag_array'
  124 |             oldest_way = i;  
      |                        ^
%Warning-WIDTHEXPAND: design/tag_array.sv:134:19: Operator EQ expects 32 bits on the RHS, but RHS's VARREF 'reset_way' generates 3 bits.
                                                : ... note: In instance 'cache_tb.cache.cache_1.cache_tag_array'
  134 |             if (i == reset_way) begin 
      |                   ^~
%Warning-WIDTHEXPAND: design/tag_array.sv:160:29: Operator NEQ expects 32 bits on the RHS, but RHS's VARREF 'replace_way' generates 3 bits.
                                                : ... note: In instance 'cache_tb.cache.cache_1.cache_tag_array'
  160 |                     if ( (i != replace_way ) && (valid_array[index_i][i] != 0)) begin 
      |                             ^~
%Warning-WIDTHEXPAND: design/memory.sv:123:23: Operator GTE expects 32 bits on the LHS, but LHS's VARREF 'delay' generates 4 bits.
                                             : ... note: In instance 'cache_tb.cache.memory1.memory1'
  123 |             if (delay >= MEM_DELAY) begin 
      |                       ^~
%Warning-WIDTHTRUNC: design/writeback_buffer.sv:62:25: Operator ASSIGN expects 4 bits on the Assign RHS, but Assign RHS's VARREF 'i' generates 32 bits.
                                                     : ... note: In instance 'cache_tb.cache.wb_buffer1'
   62 |             found_entry = i; 
      |                         ^
%Warning-WIDTHEXPAND: design/writeback_buffer.sv:117:57: Operator ASSIGNDLY expects 79 bits on the Assign RHS, but Assign RHS's VARREF 'push_data' generates 78 bits.
                                                       : ... note: In instance 'cache_tb.cache.wb_buffer1'
  117 |                     fifo_buffer[tail[POINTER_BITS-1:0]] <= push_data;
      |                                                         ^~
%Warning-WIDTHEXPAND: design/writeback_buffer.sv:139:57: Operator ASSIGNDLY expects 79 bits on the Assign RHS, but Assign RHS's VARREF 'push_data' generates 78 bits.
                                                       : ... note: In instance 'cache_tb.cache.wb_buffer1'
  139 |                     fifo_buffer[tail[POINTER_BITS-1:0]] <= push_data;
      |                                                         ^~
%Warning-WIDTHEXPAND: design/memory_controller.sv:52:6: Input port connection 'addr_i' expects 32 bits on the pin connection, but pin connection's VARREF 'address' generates 1 bits.
                                                      : ... note: In instance 'cache_tb.cache.memory1'
   52 |     .addr_i(address),
      |      ^~~~~~
%Warning-WIDTHEXPAND: design/memory_controller.sv:53:6: Input port connection 'addr_dat' expects 32 bits on the pin connection, but pin connection's VARREF 'memory_address' generates 14 bits.
                                                      : ... note: In instance 'cache_tb.cache.memory1'
   53 |     .addr_dat(memory_address),
      |      ^~~~~~~~
%Warning-WIDTHEXPAND: design/memory_controller.sv:58:6: Input port connection 'funct3_i' expects 3 bits on the pin connection, but pin connection's VARREF 'funct3_i' generates 1 bits.
                                                      : ... note: In instance 'cache_tb.cache.memory1'
   58 |     .funct3_i(funct3_i),
      |      ^~~~~~~~
%Warning-WIDTHTRUNC: design/cache_controller.sv:53:19: Operator ASSIGNW expects 1 bits on the Assign RHS, but Assign RHS's VARREF 'offset' generates 3 bits.
                                                     : ... note: In instance 'cache_tb.cache.cache_1'
   53 | assign offset_out = offset; 
      |                   ^
%Warning-ASCRANGE: design/cache_controller.sv:102:7: Ascending bit range vector: left < right of bit range: [0:7]
                                                   : ... note: In instance 'cache_tb.cache.cache_1'
  102 | logic [0:8-1][(8*8)-1:0] set ; 
      |       ^
%Warning-WIDTHEXPAND: design/cache_controller.sv:211:34: Operator ASSIGN expects 32 bits on the Assign RHS, but Assign RHS's SEL generates 16 bits.
                                                       : ... note: In instance 'cache_tb.cache.cache_1'
  211 |         3'b001, 3'b101: data_out = set[hit_way][offset*8 +: 16];  
      |                                  ^
%Warning-WIDTHEXPAND: design/cache_controller.sv:212:34: Operator ASSIGN expects 32 bits on the Assign RHS, but Assign RHS's SEL generates 8 bits.
                                                       : ... note: In instance 'cache_tb.cache.cache_1'
  212 |         3'b010:         data_out = set[hit_way][offset*8 +: 8];  
      |                                  ^
%Warning-WIDTHEXPAND: design/cache_controller.sv:214:34: Operator ASSIGN expects 32 bits on the Assign RHS, but Assign RHS's SEL generates 8 bits.
                                                       : ... note: In instance 'cache_tb.cache.cache_1'
  214 |         default:        data_out = set[hit_way][offset*8 +: 8];  
      |                                  ^
%Warning-WIDTHTRUNC: design/top.sv:67:6: Output port connection 'offset_out' expects 1 bits on the pin connection, but pin connection's VARREF 'offset' generates 3 bits.
                                       : ... note: In instance 'cache_tb.cache'
   67 |     .offset_out(offset)
      |      ^~~~~~~~~~
%Warning-WIDTHTRUNC: design/top.sv:163:30: Operator ASSIGN expects 32 bits on the Assign RHS, but Assign RHS's VARREF 'found_buffer_data' generates 64 bits.
                                         : ... note: In instance 'cache_tb.cache'
  163 |                     data_out = found_buffer_data; 
      |                              ^
%Warning-WIDTHTRUNC: design/top.sv:171:30: Operator ASSIGN expects 32 bits on the Assign RHS, but Assign RHS's VARREF 'found_buffer_data' generates 64 bits.
                                         : ... note: In instance 'cache_tb.cache'
  171 |                     data_out = found_buffer_data; 
      |                              ^
%Warning-WIDTHTRUNC: design/top.sv:193:26: Operator ASSIGN expects 32 bits on the Assign RHS, but Assign RHS's VARREF 'found_buffer_data' generates 64 bits.
                                         : ... note: In instance 'cache_tb.cache'
  193 |                 data_out = found_buffer_data; 
      |                          ^
%Warning-WIDTHTRUNC: design/top.sv:201:26: Operator ASSIGN expects 32 bits on the Assign RHS, but Assign RHS's VARREF 'found_buffer_data' generates 64 bits.
                                         : ... note: In instance 'cache_tb.cache'
  201 |                 data_out = found_buffer_data; 
      |                          ^
%Warning-WIDTHTRUNC: design/top.sv:213:22: Operator ASSIGN expects 32 bits on the Assign RHS, but Assign RHS's VARREF 'found_buffer_data' generates 64 bits.
                                         : ... note: In instance 'cache_tb.cache'
  213 |             data_out = found_buffer_data; 
      |                      ^
%Warning-WIDTHTRUNC: design/cache_tb.sv:75:14: Operator ASSIGN expects 3 bits on the Assign RHS, but Assign RHS's CONST '?32?shb' generates 32 or 4 bits.
                                             : ... note: In instance 'cache_tb'
   75 |     funct3_i = 11; 
      |              ^
%Warning-UNUSEDSIGNAL: design/cache_tb.sv:19:20: Signal is not used: 'data_out'
                                               : ... note: In instance 'cache_tb'
   19 | logic [DWIDTH-1:0] data_out;
      |                    ^~~~~~~~
                       ... For warning description see https://verilator.org/warn/UNUSEDSIGNAL?v=5.042
                       ... Use "/* verilator lint_off UNUSEDSIGNAL */" and lint_on around source to disable this message.
%Warning-UNUSEDSIGNAL: design/cache_tb.sv:21:7: Signal is not used: 'data_valid'
                                              : ... note: In instance 'cache_tb'
   21 | logic data_valid;
      |       ^~~~~~~~~~
%Warning-UNDRIVEN: design/memory_controller.sv:52:13: Signal is not driven: 'address'
                                                    : ... note: In instance 'cache_tb.cache.memory1'
   52 |     .addr_i(address),
      |             ^~~~~~~
                   ... For warning description see https://verilator.org/warn/UNDRIVEN?v=5.042
                   ... Use "/* verilator lint_off UNDRIVEN */" and lint_on around source to disable this message.
%Warning-UNDRIVEN: design/memory_controller.sv:58:15: Signal is not driven: 'funct3_i'
                                                    : ... note: In instance 'cache_tb.cache.memory1'
   58 |     .funct3_i(funct3_i),
      |               ^~~~~~~~
%Warning-UNUSEDSIGNAL: design/writeback_buffer.sv:24:34: Bits of signal are not used: 'merge_entry'[3]
                                                       : ... note: In instance 'cache_tb.cache.wb_buffer1'
   24 |     input logic [POINTER_BITS:0] merge_entry,
      |                                  ^~~~~~~~~~~
%Warning-UNUSEDSIGNAL: design/memory.sv:29:15: Signal is not used: 'rst'
                                             : ... note: In instance 'cache_tb.cache.memory1.memory1'
   29 |   input logic rst,
      |               ^~~
%Warning-UNUSEDSIGNAL: design/memory.sv:36:21: Signal is not used: 'funct3_i'
                                             : ... note: In instance 'cache_tb.cache.memory1.memory1'
   36 |   input logic [2:0] funct3_i,
      |                     ^~~~~~~~
%Warning-UNOPTFLAT: design/top.sv:42:7: Signal unoptimizable: Circular combinational logic: 'cache_tb.cache.write_finished'
   42 | logic write_finished; 
      |       ^~~~~~~~~~~~~~
                    ... For warning description see https://verilator.org/warn/UNOPTFLAT?v=5.042
                    ... Use "/* verilator lint_off UNOPTFLAT */" and lint_on around source to disable this message.
                    design/top.sv:42:7:      Example path: cache_tb.cache.write_finished
                    design/cache_controller.sv:222:1:      Example path: ALWAYS
                    design/top.sv:39:7:      Example path: cache_tb.cache.cache_data_valid
                    design/top.sv:145:1:      Example path: ALWAYS
                    design/top.sv:42:7:      Example path: cache_tb.cache.write_finished
c++ -Os  -I.  -MMD -I/opt/homebrew/Cellar/verilator/5.042/share/verilator/include -I/opt/homebrew/Cellar/verilator/5.042/share/verilator/include/vltstd -DVERILATOR=1 -DVM_COVERAGE=0 -DVM_SC=0 -DVM_TIMING=1 -DVM_TRACE=1 -DVM_TRACE_FST=0 -DVM_TRACE_VCD=1 -DVM_TRACE_SAIF=0 -faligned-new -fbracket-depth=4096 -fcf-protection=none -Xclang -fno-pch-timestamp -Qunused-arguments -Wno-bool-operation -Wno-c++11-narrowing -Wno-constant-logical-operand -Wno-int-in-bool-context -Wno-non-pod-varargs -Wno-parentheses-equality -Wno-shadow -Wno-sign-compare -Wno-tautological-bitwise-compare -Wno-tautological-compare -Wno-uninitialized -Wno-unused-but-set-parameter -Wno-unused-but-set-variable -Wno-unused-parameter -Wno-unused-variable    -DVL_TIME_CONTEXT   -std=gnu++20 -c -o verilated.o /opt/homebrew/Cellar/verilator/5.042/share/verilator/include/verilated.cpp
c++ -Os  -I.  -MMD -I/opt/homebrew/Cellar/verilator/5.042/share/verilator/include -I/opt/homebrew/Cellar/verilator/5.042/share/verilator/include/vltstd -DVERILATOR=1 -DVM_COVERAGE=0 -DVM_SC=0 -DVM_TIMING=1 -DVM_TRACE=1 -DVM_TRACE_FST=0 -DVM_TRACE_VCD=1 -DVM_TRACE_SAIF=0 -faligned-new -fbracket-depth=4096 -fcf-protection=none -Xclang -fno-pch-timestamp -Qunused-arguments -Wno-bool-operation -Wno-c++11-narrowing -Wno-constant-logical-operand -Wno-int-in-bool-context -Wno-non-pod-varargs -Wno-parentheses-equality -Wno-shadow -Wno-sign-compare -Wno-tautological-bitwise-compare -Wno-tautological-compare -Wno-uninitialized -Wno-unused-but-set-parameter -Wno-unused-but-set-variable -Wno-unused-parameter -Wno-unused-variable    -DVL_TIME_CONTEXT   -std=gnu++20 -c -o verilated_vcd_c.o /opt/homebrew/Cellar/verilator/5.042/share/verilator/include/verilated_vcd_c.cpp
c++ -Os  -I.  -MMD -I/opt/homebrew/Cellar/verilator/5.042/share/verilator/include -I/opt/homebrew/Cellar/verilator/5.042/share/verilator/include/vltstd -DVERILATOR=1 -DVM_COVERAGE=0 -DVM_SC=0 -DVM_TIMING=1 -DVM_TRACE=1 -DVM_TRACE_FST=0 -DVM_TRACE_VCD=1 -DVM_TRACE_SAIF=0 -faligned-new -fbracket-depth=4096 -fcf-protection=none -Xclang -fno-pch-timestamp -Qunused-arguments -Wno-bool-operation -Wno-c++11-narrowing -Wno-constant-logical-operand -Wno-int-in-bool-context -Wno-non-pod-varargs -Wno-parentheses-equality -Wno-shadow -Wno-sign-compare -Wno-tautological-bitwise-compare -Wno-tautological-compare -Wno-uninitialized -Wno-unused-but-set-parameter -Wno-unused-but-set-variable -Wno-unused-parameter -Wno-unused-variable    -DVL_TIME_CONTEXT   -std=gnu++20 -c -o verilated_timing.o /opt/homebrew/Cellar/verilator/5.042/share/verilator/include/verilated_timing.cpp
c++ -Os  -I.  -MMD -I/opt/homebrew/Cellar/verilator/5.042/share/verilator/include -I/opt/homebrew/Cellar/verilator/5.042/share/verilator/include/vltstd -DVERILATOR=1 -DVM_COVERAGE=0 -DVM_SC=0 -DVM_TIMING=1 -DVM_TRACE=1 -DVM_TRACE_FST=0 -DVM_TRACE_VCD=1 -DVM_TRACE_SAIF=0 -faligned-new -fbracket-depth=4096 -fcf-protection=none -Xclang -fno-pch-timestamp -Qunused-arguments -Wno-bool-operation -Wno-c++11-narrowing -Wno-constant-logical-operand -Wno-int-in-bool-context -Wno-non-pod-varargs -Wno-parentheses-equality -Wno-shadow -Wno-sign-compare -Wno-tautological-bitwise-compare -Wno-tautological-compare -Wno-uninitialized -Wno-unused-but-set-parameter -Wno-unused-but-set-variable -Wno-unused-parameter -Wno-unused-variable    -DVL_TIME_CONTEXT   -std=gnu++20 -c -o verilated_threads.o /opt/homebrew/Cellar/verilator/5.042/share/verilator/include/verilated_threads.cpp
python3 /opt/homebrew/Cellar/verilator/5.042/share/verilator/bin/verilator_includer -DVL_INCLUDE_OPT=include Vcache_tb.cpp Vcache_tb___024root__0.cpp Vcache_tb__main.cpp Vcache_tb__Trace__0.cpp Vcache_tb__ConstPool_0.cpp Vcache_tb___024root__Slow.cpp Vcache_tb___024root__0__Slow.cpp Vcache_tb___024unit__Slow.cpp Vcache_tb___024unit__0__Slow.cpp Vcache_tb__Syms.cpp Vcache_tb__Trace__0__Slow.cpp Vcache_tb__TraceDecls__0__Slow.cpp > Vcache_tb__ALL.cpp
c++ -Os  -I.  -MMD -I/opt/homebrew/Cellar/verilator/5.042/share/verilator/include -I/opt/homebrew/Cellar/verilator/5.042/share/verilator/include/vltstd -DVERILATOR=1 -DVM_COVERAGE=0 -DVM_SC=0 -DVM_TIMING=1 -DVM_TRACE=1 -DVM_TRACE_FST=0 -DVM_TRACE_VCD=1 -DVM_TRACE_SAIF=0 -faligned-new -fbracket-depth=4096 -fcf-protection=none -Xclang -fno-pch-timestamp -Qunused-arguments -Wno-bool-operation -Wno-c++11-narrowing -Wno-constant-logical-operand -Wno-int-in-bool-context -Wno-non-pod-varargs -Wno-parentheses-equality -Wno-shadow -Wno-sign-compare -Wno-tautological-bitwise-compare -Wno-tautological-compare -Wno-uninitialized -Wno-unused-but-set-parameter -Wno-unused-but-set-variable -Wno-unused-parameter -Wno-unused-variable    -DVL_TIME_CONTEXT   -std=gnu++20 -c -o Vcache_tb__ALL.o Vcache_tb__ALL.cpp
echo "" > Vcache_tb__ALL.verilator_deplist.tmp
c++  -Wl,-U,__Z15vl_time_stamp64v,-U,__Z13sc_time_stampv   verilated.o verilated_vcd_c.o verilated_timing.o verilated_threads.o Vcache_tb__ALL.a    -pthread -lpthread   -o Vcache_tb
rm Vcache_tb__ALL.verilator_deplist.tmp
- V e r i l a t i o n   R e p o r t: Verilator 5.042 2025-11-02 rev UNKNOWN.REV
- Verilator: Built from 0.280 MB sources in 10 modules, into 0.493 MB in 12 C++ files needing 0.001 MB
- Verilator: Walltime 6.317 s (elab=0.009, cvt=0.043, bld=6.237); cpu 0.058 s on 1 threads
